<?xml version="1.0" encoding="UTF-8"?>
<!-- Generated by org.testng.reporters.JUnitReportReporter -->
<testsuite hostname="DESKTOP-QDQC4PA" failures="0" tests="1" name="SauceDemo_TestScenarios.TC004_AddToCartScenario" time="28.011" errors="0" timestamp="2022-08-06T15:23:20 IST" skipped="0">
  <testcase classname="SauceDemo_TestScenarios.TC004_AddToCartScenario" name="addtoCartFunctionality" time="28.011"/>
  <system-out/>
</testsuite> <!-- SauceDemo_TestScenarios.TC004_AddToCartScenario -->
