<?xml version="1.0" encoding="UTF-8"?>
<!-- Generated by org.testng.reporters.JUnitReportReporter -->
<testsuite hostname="DESKTOP-QDQC4PA" failures="0" tests="1" name="SauceDemo_TestScenarios.TC005_OverallFunctionality" time="21.439" errors="0" timestamp="2022-08-06T15:23:20 IST" skipped="0">
  <testcase classname="SauceDemo_TestScenarios.TC005_OverallFunctionality" name="overallFunctinality" time="21.439"/>
  <system-out/>
</testsuite> <!-- SauceDemo_TestScenarios.TC005_OverallFunctionality -->
